# JRE version: OpenJDK Runtime Environment (8.0_275-b01) (build 1.8.0_275-b01)
# Java VM: OpenJDK 64-Bit Server VM (25.275-b01 mixed mode linux-amd64 compressed oops)
Heap:
 PSYoungGen      total 17920K, used 17416K [0x00000000ec000000, 0x00000000ee300000, 0x0000000100000000)
  eden space 15360K, 96% used [0x00000000ec000000,0x00000000ece822d0,0x00000000ecf00000)
  from space 2560K, 99% used [0x00000000ed180000,0x00000000ed3ffd90,0x00000000ed400000)
  to   space 2560K, 0% used [0x00000000ecf00000,0x00000000ecf00000,0x00000000ed180000)
 ParOldGen       total 40960K, used 1413K [0x00000000c4000000, 0x00000000c6800000, 0x00000000ec000000)
  object space 40960K, 3% used [0x00000000c4000000,0x00000000c4161718,0x00000000c6800000)
 Metaspace       used 13082K, capacity 13538K, committed 13696K, reserved 1060864K
  class space    used 1490K, capacity 1645K, committed 1664K, reserved 1048576K
GC Heap History (4 events):
Event: 0.904 GC heap before
{Heap before GC invocations=1 (full 0):
 PSYoungGen      total 17920K, used 15360K [0x00000000ec000000, 0x00000000ed400000, 0x0000000100000000)
  eden space 15360K, 100% used [0x00000000ec000000,0x00000000ecf00000,0x00000000ecf00000)
  from space 2560K, 0% used [0x00000000ed180000,0x00000000ed180000,0x00000000ed400000)
  to   space 2560K, 0% used [0x00000000ecf00000,0x00000000ecf00000,0x00000000ed180000)
 ParOldGen       total 40960K, used 0K [0x00000000c4000000, 0x00000000c6800000, 0x00000000ec000000)
  object space 40960K, 0% used [0x00000000c4000000,0x00000000c4000000,0x00000000c6800000)
 Metaspace       used 6811K, capacity 7100K, committed 7296K, reserved 1056768K
  class space    used 770K, capacity 880K, committed 896K, reserved 1048576K
Event: 0.912 GC heap after
Heap after GC invocations=1 (full 0):
 PSYoungGen      total 17920K, used 1995K [0x00000000ec000000, 0x00000000ed400000, 0x0000000100000000)
  eden space 15360K, 0% used [0x00000000ec000000,0x00000000ec000000,0x00000000ecf00000)
  from space 2560K, 77% used [0x00000000ecf00000,0x00000000ed0f2dc8,0x00000000ed180000)
  to   space 2560K, 0% used [0x00000000ed180000,0x00000000ed180000,0x00000000ed400000)
 ParOldGen       total 40960K, used 0K [0x00000000c4000000, 0x00000000c6800000, 0x00000000ec000000)
  object space 40960K, 0% used [0x00000000c4000000,0x00000000c4000000,0x00000000c6800000)
 Metaspace       used 6811K, capacity 7100K, committed 7296K, reserved 1056768K
  class space    used 770K, capacity 880K, committed 896K, reserved 1048576K
}
Event: 1.250 GC heap before
{Heap before GC invocations=2 (full 0):
 PSYoungGen      total 17920K, used 17157K [0x00000000ec000000, 0x00000000ed400000, 0x0000000100000000)
  eden space 15360K, 98% used [0x00000000ec000000,0x00000000ecece908,0x00000000ecf00000)
  from space 2560K, 77% used [0x00000000ecf00000,0x00000000ed0f2dc8,0x00000000ed180000)
  to   space 2560K, 0% used [0x00000000ed180000,0x00000000ed180000,0x00000000ed400000)
 ParOldGen       total 40960K, used 0K [0x00000000c4000000, 0x00000000c6800000, 0x00000000ec000000)
  object space 40960K, 0% used [0x00000000c4000000,0x00000000c4000000,0x00000000c6800000)
 Metaspace       used 10233K, capacity 10578K, committed 10880K, reserved 1058816K
  class space    used 1157K, capacity 1307K, committed 1408K, reserved 1048576K
Event: 1.259 GC heap after
Heap after GC invocations=2 (full 0):
 PSYoungGen      total 17920K, used 2559K [0x00000000ec000000, 0x00000000ee300000, 0x0000000100000000)
  eden space 15360K, 0% used [0x00000000ec000000,0x00000000ec000000,0x00000000ecf00000)
  from space 2560K, 99% used [0x00000000ed180000,0x00000000ed3ffd90,0x00000000ed400000)
  to   space 2560K, 0% used [0x00000000ecf00000,0x00000000ecf00000,0x00000000ed180000)
 ParOldGen       total 40960K, used 1413K [0x00000000c4000000, 0x00000000c6800000, 0x00000000ec000000)
  object space 40960K, 3% used [0x00000000c4000000,0x00000000c4161718,0x00000000c6800000)
 Metaspace       used 10233K, capacity 10578K, committed 10880K, reserved 1058816K
  class space    used 1157K, capacity 1307K, committed 1408K, reserved 1048576K
}

